<?xml version="1.0" encoding="UTF-8"?>
<!-- Generated by org.testng.reporters.JUnitXMLReporter -->
<testsuite hostname="ManiMaran-PC" name="Default test" tests="4" failures="0" timestamp="4 Dec 2016 11:04:06 GMT" time="30.755" errors="0">
  <testcase name="testHomePage" time="5.618" classname="com.vmetry.ntltaxi.testcase.HomePageTest"/>
  <testcase name="testHomePage" time="1.688" classname="com.vmetry.ntltaxi.testcase.HomePageTest"/>
  <testcase name="testHomePage" time="2.854" classname="com.vmetry.ntltaxi.testcase.HomePageTest"/>
  <testcase name="testHomePage" time="2.256" classname="com.vmetry.ntltaxi.testcase.HomePageTest"/>
</testsuite> <!-- Default test -->
